<?xml version="1.0" encoding="UTF-8"?>
<testsuite xmlns:xsi="http://www.w3.org/2001/XMLSchema-instance" xsi:noNamespaceSchemaLocation="https://maven.apache.org/surefire/maven-surefire-plugin/xsd/surefire-test-report-3.0.xsd" version="3.0" name="com.baeldung.selfinvocation.MathServiceIntegrationTest" time="0.02" tests="3" errors="0" skipped="0" failures="0">
  <properties>
[...]
</properties>
  <testcase name="givenCacheableMethod_whenInvokedForSecondTime_thenCounterShouldNotIncrease" classname="com.baeldung.selfinvocation.MathServiceIntegrationTest" time="0.012"/>
  <testcase name="givenCacheableMethod_whenInvokingByInternalCall_thenCacheIsNotTriggered" classname="com.baeldung.selfinvocation.MathServiceIntegrationTest" time="0.001"/>
  <testcase name="givenCacheableMethod_whenInvokingByExternalCall_thenCacheIsTriggered" classname="com.baeldung.selfinvocation.MathServiceIntegrationTest" time="0.001"/>
</testsuite>