<?xml version="1.0" encoding="UTF-8"?>
<testsuite xmlns:xsi="http://www.w3.org/2001/XMLSchema-instance" xsi:noNamespaceSchemaLocation="https://maven.apache.org/surefire/maven-surefire-plugin/xsd/surefire-test-report.xsd" version="3.0.2" name="com.baeldung.starter.SpringBootApplicationIntegrationTest" time="0.24" tests="2" errors="0" skipped="0" failures="0">
  <properties>
[...]
</properties>
  <testcase name="givenRequestHasBeenMade_whenMeetsAllOfGivenConditions_thenCorrect" classname="com.baeldung.starter.SpringBootApplicationIntegrationTest" time="0.005">
    <system-out><![CDATA[
  .   ____          _            __ _ _
 /\\ / ___'_ __ _ _(_)_ __  __ _ \ \ \ \
( ( )\___ | '_ | '_| | '_ \/ _` | \ \ \ \
 \\/  ___)| |_)| | | | | || (_| |  ) ) ) )
  '  |____| .__|_| |_|_| |_\__, | / / / /
 =========|_|==============|___/=/_/_/_/

 :: Spring Boot ::                (v3.4.3)

2025-03-18T18:37:11.475-06:00  INFO 18614 --- [Bootstrap Spring Cloud] [           main] b.s.SpringBootApplicationIntegrationTest : Starting SpringBootApplicationIntegrationTest using Java 23.0.2 with PID 18614 (started by josesaidolanogarcia in /Users/josesaidolanogarcia/REPOSITORIOS/TemploApps/MODULE_05/spring-boot-simple-lesson11)
2025-03-18T18:37:11.476-06:00  INFO 18614 --- [Bootstrap Spring Cloud] [           main] b.s.SpringBootApplicationIntegrationTest : No active profile set, falling back to 1 default profile: "default"
2025-03-18T18:37:11.530-06:00  INFO 18614 --- [Bootstrap Spring Cloud] [           main] .s.d.r.c.RepositoryConfigurationDelegate : Bootstrapping Spring Data JPA repositories in DEFAULT mode.
2025-03-18T18:37:11.532-06:00  INFO 18614 --- [Bootstrap Spring Cloud] [           main] .s.d.r.c.RepositoryConfigurationDelegate : Finished Spring Data repository scanning in 1 ms. Found 1 JPA repository interface.
2025-03-18T18:37:11.555-06:00  INFO 18614 --- [Bootstrap Spring Cloud] [           main] o.hibernate.jpa.internal.util.LogHelper  : HHH000204: Processing PersistenceUnitInfo [name: default]
2025-03-18T18:37:11.555-06:00  INFO 18614 --- [Bootstrap Spring Cloud] [           main] o.h.c.internal.RegionFactoryInitiator    : HHH000026: Second-level cache disabled
2025-03-18T18:37:11.558-06:00  INFO 18614 --- [Bootstrap Spring Cloud] [           main] o.s.o.j.p.SpringPersistenceUnitInfo      : No LoadTimeWeaver setup: ignoring JPA class transformer
2025-03-18T18:37:11.558-06:00  INFO 18614 --- [Bootstrap Spring Cloud] [           main] com.zaxxer.hikari.HikariDataSource       : HikariPool-5 - Starting...
2025-03-18T18:37:11.559-06:00  INFO 18614 --- [Bootstrap Spring Cloud] [           main] com.zaxxer.hikari.pool.HikariPool        : HikariPool-5 - Added connection conn46: url=jdbc:h2:mem:1430f12a-5f4a-4178-bac7-f602f9c7a363 user=SA
2025-03-18T18:37:11.559-06:00  INFO 18614 --- [Bootstrap Spring Cloud] [           main] com.zaxxer.hikari.HikariDataSource       : HikariPool-5 - Start completed.
2025-03-18T18:37:11.559-06:00  INFO 18614 --- [Bootstrap Spring Cloud] [           main] org.hibernate.orm.connections.pooling    : HHH10001005: Database info:
	Database JDBC URL [Connecting through datasource 'HikariDataSource (HikariPool-5)']
	Database driver: undefined/unknown
	Database version: 2.3.232
	Autocommit mode: undefined/unknown
	Isolation level: undefined/unknown
	Minimum pool size: undefined/unknown
	Maximum pool size: undefined/unknown
2025-03-18T18:37:11.569-06:00  INFO 18614 --- [Bootstrap Spring Cloud] [           main] o.h.e.t.j.p.i.JtaPlatformInitiator       : HHH000489: No JTA platform available (set 'hibernate.transaction.jta.platform' to enable JTA platform integration)
2025-03-18T18:37:11.570-06:00  INFO 18614 --- [Bootstrap Spring Cloud] [           main] j.LocalContainerEntityManagerFactoryBean : Initialized JPA EntityManagerFactory for persistence unit 'default'
2025-03-18T18:37:11.595-06:00  WARN 18614 --- [Bootstrap Spring Cloud] [           main] JpaBaseConfiguration$JpaWebConfiguration : spring.jpa.open-in-view is enabled by default. Therefore, database queries may be performed during view rendering. Explicitly configure spring.jpa.open-in-view to disable this warning
2025-03-18T18:37:11.668-06:00  WARN 18614 --- [Bootstrap Spring Cloud] [           main] .s.s.UserDetailsServiceAutoConfiguration : 

Using generated security password: 13586c13-9f4d-4695-a671-30354842a80d

This generated password is for development use only. Your security configuration must be updated before running your application in production.

2025-03-18T18:37:11.668-06:00  INFO 18614 --- [Bootstrap Spring Cloud] [           main] r$InitializeUserDetailsManagerConfigurer : Global AuthenticationManager configured with UserDetailsService bean with name inMemoryUserDetailsManager
2025-03-18T18:37:11.674-06:00  INFO 18614 --- [Bootstrap Spring Cloud] [           main] o.s.b.a.e.web.EndpointLinksResolver      : Exposing 15 endpoints beneath base path '/actuator'
2025-03-18T18:37:11.700-06:00  INFO 18614 --- [Bootstrap Spring Cloud] [           main] b.s.SpringBootApplicationIntegrationTest : Started SpringBootApplicationIntegrationTest in 0.229 seconds (process running for 4.744)
2025-03-18T18:37:11.703-06:00  INFO 18614 --- [Bootstrap Spring Cloud] [           main] o.s.b.t.m.w.SpringBootMockServletContext : Initializing Spring TestDispatcherServlet ''
2025-03-18T18:37:11.703-06:00  INFO 18614 --- [Bootstrap Spring Cloud] [           main] o.s.t.web.servlet.TestDispatcherServlet  : Initializing Servlet ''
2025-03-18T18:37:11.703-06:00  INFO 18614 --- [Bootstrap Spring Cloud] [           main] o.s.t.web.servlet.TestDispatcherServlet  : Completed initialization in 0 ms
]]></system-out>
  </testcase>
  <testcase name="givenRequestHasBeenMade_whenMeetsFindByDateOfGivenConditions_thenCorrect" classname="com.baeldung.starter.SpringBootApplicationIntegrationTest" time="0.004">
    <system-out><![CDATA[2025-03-18T18:37:11.706-06:00  INFO 18614 --- [Bootstrap Spring Cloud] [           main] o.s.b.t.m.w.SpringBootMockServletContext : Initializing Spring TestDispatcherServlet ''
2025-03-18T18:37:11.707-06:00  INFO 18614 --- [Bootstrap Spring Cloud] [           main] o.s.t.web.servlet.TestDispatcherServlet  : Initializing Servlet ''
2025-03-18T18:37:11.707-06:00  INFO 18614 --- [Bootstrap Spring Cloud] [           main] o.s.t.web.servlet.TestDispatcherServlet  : Completed initialization in 0 ms
]]></system-out>
  </testcase>
</testsuite>